Using pre-set license
Built from '2020.3/staging' branch; Version is '2020.3.21f1 (a38c86f6690f) revision 10718342'; Using compiler version '192528614'; Build Type 'Release'
OS: 'Windows 10 Pro; OS build 19042.1348; Version 2009; 64bit' Language: 'en' Physical Memory: 16274 MB
BatchMode: 1, IsHumanControllingUs: 0, StartBugReporterOnCrash: 0, Is64bit: 1, IsPro: 0

COMMAND LINE ARGUMENTS:
C:\Program Files\Unity\Hub\Editor\2020.3.21f1\Editor\Unity.exe
-adb2
-batchMode
-noUpm
-name
AssetImportWorker0
-projectPath
C:/Users/jramo/Desktop/CarController-master2/CarController-master2/CarController-master
-logFile
Logs/AssetImportWorker0.log
-srvPort
64012
Successfully changed project path to: C:/Users/jramo/Desktop/CarController-master2/CarController-master2/CarController-master
C:/Users/jramo/Desktop/CarController-master2/CarController-master2/CarController-master
Using Asset Import Pipeline V2.
Refreshing native plugins compatible for Editor in 68.08 ms, found 2 plugins.
Preloading 0 native plugins for Editor in 0.00 ms.
Initialize engine version: 2020.3.21f1 (a38c86f6690f)
[Subsystems] Discovering subsystems at path C:/Program Files/Unity/Hub/Editor/2020.3.21f1/Editor/Data/Resources/UnitySubsystems
[Subsystems] Discovering subsystems at path C:/Users/jramo/Desktop/CarController-master2/CarController-master2/CarController-master/Assets
GfxDevice: creating device client; threaded=0
Direct3D:
    Version:  Direct3D 11.0 [level 11.1]
    Renderer: Intel(R) HD Graphics 4600 (ID=0x412)
    Vendor:   
    VRAM:     2048 MB
    Driver:   20.19.15.5126
Initialize mono
Mono path[0] = 'C:/Program Files/Unity/Hub/Editor/2020.3.21f1/Editor/Data/Managed'
Mono path[1] = 'C:/Program Files/Unity/Hub/Editor/2020.3.21f1/Editor/Data/MonoBleedingEdge/lib/mono/unityjit'
Mono config path = 'C:/Program Files/Unity/Hub/Editor/2020.3.21f1/Editor/Data/MonoBleedingEdge/etc'
Using monoOptions --debugger-agent=transport=dt_socket,embedding=1,server=y,suspend=n,address=127.0.0.1:56680
Begin MonoManager ReloadAssembly
Registering precompiled unity dll's ...
Register platform support module: C:/Program Files/Unity/Hub/Editor/2020.3.21f1/Editor/Data/PlaybackEngines/WindowsStandaloneSupport/UnityEditor.WindowsStandalone.Extensions.dll
Registered in 0.002319 seconds.
Native extension for WindowsStandalone target not found
Refreshing native plugins compatible for Editor in 74.04 ms, found 2 plugins.
Preloading 0 native plugins for Editor in 0.00 ms.
Mono: successfully reloaded assembly
- Completed reload, in  1.120 seconds
Domain Reload Profiling:
	ReloadAssembly (1120ms)
		BeginReloadAssembly (56ms)
			ExecutionOrderSort (0ms)
			DisableScriptedObjects (0ms)
			BackupInstance (0ms)
			ReleaseScriptingObjects (0ms)
			CreateAndSetChildDomain (1ms)
		EndReloadAssembly (527ms)
			LoadAssemblies (54ms)
			RebuildTransferFunctionScriptingTraits (0ms)
			SetupTypeCache (171ms)
			ReleaseScriptCaches (0ms)
			RebuildScriptCaches (33ms)
			SetupLoadedEditorAssemblies (218ms)
				LogAssemblyErrors (0ms)
				InitializePlatformSupportModulesInManaged (4ms)
				SetLoadedEditorAssemblies (0ms)
				RefreshPlugins (74ms)
				BeforeProcessingInitializeOnLoad (17ms)
				ProcessInitializeOnLoadAttributes (93ms)
				ProcessInitializeOnLoadMethodAttributes (30ms)
				AfterProcessingInitializeOnLoad (0ms)
				EditorAssembliesLoaded (0ms)
			ExecutionOrderSort2 (0ms)
			AwakeInstancesAfterBackupRestoration (0ms)
Platform modules already initialized, skipping
Registering precompiled user dll's ...
Registered in 0.005426 seconds.
Begin MonoManager ReloadAssembly
Native extension for WindowsStandalone target not found
Refreshing native plugins compatible for Editor in 66.54 ms, found 2 plugins.
Preloading 0 native plugins for Editor in 0.00 ms.
Mono: successfully reloaded assembly
- Completed reload, in  1.673 seconds
Domain Reload Profiling:
	ReloadAssembly (1674ms)
		BeginReloadAssembly (157ms)
			ExecutionOrderSort (0ms)
			DisableScriptedObjects (5ms)
			BackupInstance (0ms)
			ReleaseScriptingObjects (0ms)
			CreateAndSetChildDomain (23ms)
		EndReloadAssembly (1447ms)
			LoadAssemblies (100ms)
			RebuildTransferFunctionScriptingTraits (0ms)
			SetupTypeCache (391ms)
			ReleaseScriptCaches (1ms)
			RebuildScriptCaches (56ms)
			SetupLoadedEditorAssemblies (772ms)
				LogAssemblyErrors (0ms)
				InitializePlatformSupportModulesInManaged (4ms)
				SetLoadedEditorAssemblies (0ms)
				RefreshPlugins (67ms)
				BeforeProcessingInitializeOnLoad (94ms)
				ProcessInitializeOnLoadAttributes (591ms)
				ProcessInitializeOnLoadMethodAttributes (9ms)
				AfterProcessingInitializeOnLoad (6ms)
				EditorAssembliesLoaded (0ms)
			ExecutionOrderSort2 (0ms)
			AwakeInstancesAfterBackupRestoration (7ms)
Platform modules already initialized, skipping
========================================================================
Worker process is ready to serve import requests
Launched and connected shader compiler UnityShaderCompiler.exe after 0.09 seconds
Refreshing native plugins compatible for Editor in 0.83 ms, found 2 plugins.
Preloading 0 native plugins for Editor in 0.00 ms.
Unloading 3121 Unused Serialized files (Serialized files now loaded: 0)
System memory in use before: 158.2 MB.
System memory in use after: 158.3 MB.

Unloading 31 unused Assets to reduce memory usage. Loaded Objects now: 3587.
Total: 4.966100 ms (FindLiveObjects: 0.335700 ms CreateObjectMapping: 0.156600 ms MarkObjects: 4.300600 ms  DeleteObjects: 0.170800 ms)

AssetImportParameters requested are different than current active one (requested -> active):
  custom:framework-win-MediaFoundation: 216162199b28c13a410421893ffa2e32 -> 
  custom:video-decoder-ogg-theora: a1e56fd34408186e4bbccfd4996cb3dc -> 
  custom:container-muxer-webm: aa71ff27fc2769a1b78a27578f13a17b -> 
  custom:container-demuxer-webm: 4f35f7cbe854078d1ac9338744f61a02 -> 
  custom:container-demuxer-ogg: 62fdf1f143b41e24485cea50d1cbac27 -> 
  custom:video-encoder-webm-vp8: eb34c28f22e8b96e1ab97ce403110664 -> 
  custom:video-decoder-webm-vp8: 9c59270c3fd7afecdb556c50c9e8de78 -> 
  custom:audio-decoder-ogg-vorbis: bf7c407c2cedff20999df2af8eb42d56 -> 
  custom:audio-encoder-webm-vorbis: bf7c407c2cedff20999df2af8eb42d56 -> 
========================================================================
Received Import Request.
  path: Assets/BitGem/Police_Officer_SC/Textures/cop_blue.tga
  artifactKey: Guid(091530486f1654a529e2a78342e2498d) Importer(815301076,1909f56bfc062723c751e8b465ee728b)
Start importing Assets/BitGem/Police_Officer_SC/Textures/cop_blue.tga using Guid(091530486f1654a529e2a78342e2498d) Importer(815301076,1909f56bfc062723c751e8b465ee728b)  -> (artifact id: 'd304c69f366fde21ac400e8b97bf1ad9') in 0.148209 seconds 
  Import took 0.158195 seconds .

========================================================================
Received Import Request.
  Time since last request: 0.000039 seconds.
  path: Assets/BitGem/Police_Officer_SC/Textures/cop_blue_metal_unity.tga
  artifactKey: Guid(934d9276fc3644b739c3c633dfbe73d6) Importer(815301076,1909f56bfc062723c751e8b465ee728b)
Start importing Assets/BitGem/Police_Officer_SC/Textures/cop_blue_metal_unity.tga using Guid(934d9276fc3644b739c3c633dfbe73d6) Importer(815301076,1909f56bfc062723c751e8b465ee728b)  -> (artifact id: 'e1d7422815680c8eb4d31c682b797438') in 0.049510 seconds 
  Import took 0.056003 seconds .

========================================================================
Received Import Request.
  Time since last request: 4.441250 seconds.
  path: Assets/BitGem/Police_Officer_SC/Prefabs/cop.prefab
  artifactKey: Guid(1d3e21374171a4335a8a51ecb8bf2d17) Importer(815301076,1909f56bfc062723c751e8b465ee728b)
Start importing Assets/BitGem/Police_Officer_SC/Prefabs/cop.prefab using Guid(1d3e21374171a4335a8a51ecb8bf2d17) Importer(815301076,1909f56bfc062723c751e8b465ee728b)  -> (artifact id: '9d331165fcb7a76894d4a43a780a8734') in 0.225199 seconds 
  Import took 0.233040 seconds .

========================================================================
Received Import Request.
  Time since last request: 16.058075 seconds.
  path: Assets/BitGem/Police_Officer_SC/Prefabs/cop.prefab
  artifactKey: Guid(1d3e21374171a4335a8a51ecb8bf2d17) Importer(815301076,1909f56bfc062723c751e8b465ee728b)
Start importing Assets/BitGem/Police_Officer_SC/Prefabs/cop.prefab using Guid(1d3e21374171a4335a8a51ecb8bf2d17) Importer(815301076,1909f56bfc062723c751e8b465ee728b)  -> (artifact id: '1370edd274ee4440f4c42e2b7cfbd7e5') in 0.036728 seconds 
  Import took 0.044761 seconds .

========================================================================
Received Prepare
Registering precompiled user dll's ...
Registered in 0.005254 seconds.
Begin MonoManager ReloadAssembly
Native extension for WindowsStandalone target not found
Refreshing native plugins compatible for Editor in 0.91 ms, found 2 plugins.
Preloading 0 native plugins for Editor in 0.00 ms.
Mono: successfully reloaded assembly
- Completed reload, in  1.626 seconds
Domain Reload Profiling:
	ReloadAssembly (1626ms)
		BeginReloadAssembly (154ms)
			ExecutionOrderSort (0ms)
			DisableScriptedObjects (7ms)
			BackupInstance (0ms)
			ReleaseScriptingObjects (0ms)
			CreateAndSetChildDomain (56ms)
		EndReloadAssembly (1389ms)
			LoadAssemblies (137ms)
			RebuildTransferFunctionScriptingTraits (0ms)
			SetupTypeCache (387ms)
			ReleaseScriptCaches (2ms)
			RebuildScriptCaches (46ms)
			SetupLoadedEditorAssemblies (660ms)
				LogAssemblyErrors (0ms)
				InitializePlatformSupportModulesInManaged (5ms)
				SetLoadedEditorAssemblies (0ms)
				RefreshPlugins (1ms)
				BeforeProcessingInitializeOnLoad (97ms)
				ProcessInitializeOnLoadAttributes (539ms)
				ProcessInitializeOnLoadMethodAttributes (10ms)
				AfterProcessingInitializeOnLoad (7ms)
				EditorAssembliesLoaded (0ms)
			ExecutionOrderSort2 (0ms)
			AwakeInstancesAfterBackupRestoration (16ms)
Platform modules already initialized, skipping
Refreshing native plugins compatible for Editor in 1.43 ms, found 2 plugins.
Preloading 0 native plugins for Editor in 0.00 ms.
Unloading 2945 Unused Serialized files (Serialized files now loaded: 0)
System memory in use before: 163.1 MB.
System memory in use after: 163.3 MB.

Unloading 16 unused Assets to reduce memory usage. Loaded Objects now: 3637.
Total: 4.774100 ms (FindLiveObjects: 0.339700 ms CreateObjectMapping: 0.143600 ms MarkObjects: 4.165500 ms  DeleteObjects: 0.123800 ms)

AssetImportParameters requested are different than current active one (requested -> active):
  custom:framework-win-MediaFoundation: 216162199b28c13a410421893ffa2e32 -> 
  custom:video-decoder-ogg-theora: a1e56fd34408186e4bbccfd4996cb3dc -> 
  custom:container-muxer-webm: aa71ff27fc2769a1b78a27578f13a17b -> 
  custom:container-demuxer-webm: 4f35f7cbe854078d1ac9338744f61a02 -> 
  custom:container-demuxer-ogg: 62fdf1f143b41e24485cea50d1cbac27 -> 
  custom:video-encoder-webm-vp8: eb34c28f22e8b96e1ab97ce403110664 -> 
  custom:video-decoder-webm-vp8: 9c59270c3fd7afecdb556c50c9e8de78 -> 
  custom:audio-decoder-ogg-vorbis: bf7c407c2cedff20999df2af8eb42d56 -> 
  custom:audio-encoder-webm-vorbis: bf7c407c2cedff20999df2af8eb42d56 -> 
========================================================================
Received Import Request.
  Time since last request: 770.006390 seconds.
  path: Packages/com.unity.services.core/Editor/Core/ServiceActivationPopup/Visuals/UXML/CoppaCompliance.uxml
  artifactKey: Guid(62d713765901e4e7fa8116b1ba90e699) Importer(815301076,1909f56bfc062723c751e8b465ee728b)
Start importing Packages/com.unity.services.core/Editor/Core/ServiceActivationPopup/Visuals/UXML/CoppaCompliance.uxml using Guid(62d713765901e4e7fa8116b1ba90e699) Importer(815301076,1909f56bfc062723c751e8b465ee728b)  -> (artifact id: '8828ff53799042d15f04772fc19265e3') in 0.062255 seconds 
  Import took 0.068559 seconds .

========================================================================
Received Import Request.
  Time since last request: 0.000224 seconds.
  path: Packages/com.unity.postprocessing/PostProcessing/Shaders/Debug/Vectorscope.compute
  artifactKey: Guid(e1efca7c36fd01840aae0dd10378de5c) Importer(815301076,1909f56bfc062723c751e8b465ee728b)
Start importing Packages/com.unity.postprocessing/PostProcessing/Shaders/Debug/Vectorscope.compute using Guid(e1efca7c36fd01840aae0dd10378de5c) Importer(815301076,1909f56bfc062723c751e8b465ee728b)  -> (artifact id: '486aef050bbed4c88a65dfcc3aeaf0b7') in 0.020938 seconds 
  Import took 0.028910 seconds .

========================================================================
Received Import Request.
  Time since last request: 94.768687 seconds.
  path: Assets/SimpleCollectiblesPack/Textures
  artifactKey: Guid(ab3493d62e1fb85458b7be11a65d4ba2) Importer(815301076,1909f56bfc062723c751e8b465ee728b)
Start importing Assets/SimpleCollectiblesPack/Textures using Guid(ab3493d62e1fb85458b7be11a65d4ba2) Importer(815301076,1909f56bfc062723c751e8b465ee728b)  -> (artifact id: '43ebd28404b5950db784a94ae91040f0') in 0.010198 seconds 
  Import took 0.017788 seconds .

========================================================================
Received Import Request.
  Time since last request: 96.749969 seconds.
  path: Assets/Sprites/coin.png
  artifactKey: Guid(efdbda3faaf5ae74a960d293fd8c7641) Importer(815301076,1909f56bfc062723c751e8b465ee728b)
Start importing Assets/Sprites/coin.png using Guid(efdbda3faaf5ae74a960d293fd8c7641) Importer(815301076,1909f56bfc062723c751e8b465ee728b)  -> (artifact id: 'aa5a2c8c12a64b6682082614c84c93bc') in 0.068290 seconds 
  Import took 0.075047 seconds .

========================================================================
Received Import Request.
  Time since last request: 28.464792 seconds.
  path: Assets/Sprites/coin.png
  artifactKey: Guid(efdbda3faaf5ae74a960d293fd8c7641) Importer(815301076,1909f56bfc062723c751e8b465ee728b)
Start importing Assets/Sprites/coin.png using Guid(efdbda3faaf5ae74a960d293fd8c7641) Importer(815301076,1909f56bfc062723c751e8b465ee728b)  -> (artifact id: '04337753f9337819869aaa82e93368e4') in 0.060934 seconds 
  Import took 0.067006 seconds .

========================================================================
Received Import Request.
  Time since last request: 434.588967 seconds.
  path: Assets/Scenes/Main.unity
  artifactKey: Guid(d1c3109bdb54ad54c8a2b2838528e640) Importer(815301076,1909f56bfc062723c751e8b465ee728b)
Start importing Assets/Scenes/Main.unity using Guid(d1c3109bdb54ad54c8a2b2838528e640) Importer(815301076,1909f56bfc062723c751e8b465ee728b)  -> (artifact id: '4c9cbbf582d129de323aa7567f44fb28') in 0.015616 seconds 
  Import took 0.022743 seconds .

========================================================================
Received Import Request.
  Time since last request: 483.901374 seconds.
  path: Assets/SimpleCollectiblesPack/Textures/Collectibles 1.png
  artifactKey: Guid(18caac7b76c3dc74ca374e998b3b6da9) Importer(815301076,1909f56bfc062723c751e8b465ee728b)
Start importing Assets/SimpleCollectiblesPack/Textures/Collectibles 1.png using Guid(18caac7b76c3dc74ca374e998b3b6da9) Importer(815301076,1909f56bfc062723c751e8b465ee728b)  -> (artifact id: '20916d7cb144b2c81151c69801dd4c05') in 0.030833 seconds 
  Import took 0.040073 seconds .

AssetImportWorkerClient::OnTransportError - code=2 error=End of file
